<?xml version="1.0" encoding="UTF-8"?>
<process id="helloWorld" processType="PRIVATE" isExecutable="true"
	name="Hello World">
	<flowElements>
		<startEvent id="start_1" name="startProcess" />
		<sequenceFlow id="flow_1" sourceRef="start_1" targetRef="task_1" />
		
		<serviceTask id="task_1" name="Do something"
			implementation="com.kaaterskil.workflow.engine.TestBehavior1">
			<documentation text="This is a task to do something" />
			<documentation text="And this is another note" />
			<extensionElements>
				<fieldExtension name="foo" value="foobar" />
			</extensionElements>
		</serviceTask>
		
		<sequenceFlow id="flow_2" sourceRef="task_1" targetRef="task_2" />
			
		<serviceTask id="task_2" name="Do something else" />
		
		<sequenceFlow id="flow_3" sourceRef="task_2" targetRef="task_3" />
		
		<serviceTask id="task_3" name="Do a third thing" />
		
		<sequenceFlow id="flow_4" sourceRef="task_3" targetRef="end_1" />
		<endEvent id="end_1" name="EndProcess" />
	</flowElements>
	<property id="prop_1" name="Property 1" />
	<property id="prop_2" name="Property 2" />
	<property id="prop_3" name="Property 3" />
</process>